<?xml version="1.0" encoding="UTF-8"?>
<testsuite xmlns:xsi="http://www.w3.org/2001/XMLSchema-instance" xsi:noNamespaceSchemaLocation="https://maven.apache.org/surefire/maven-surefire-plugin/xsd/surefire-test-report-3.0.xsd" version="3.0" name="Find Transactions in Account Activity" time="124.514" tests="4" errors="2" skipped="0" failures="0">
  <properties>
    <property name="java.specification.version" value="13"/>
    <property name="webdriver.chrome.driver" value="/Users/abazarelsheikh/.m2/repository/webdriver/chromedriver/mac64/81.0.4044.138/chromedriver"/>
    <property name="sun.jnu.encoding" value="UTF-8"/>
    <property name="java.class.path" value="/Users/abazarelsheikh/Desktop/Zero-Online-Banking-Application/target/test-classes:/Users/abazarelsheikh/Desktop/Zero-Online-Banking-Application/target/classes:/Users/abazarelsheikh/.m2/repository/org/seleniumhq/selenium/selenium-java/3.141.59/selenium-java-3.141.59.jar:/Users/abazarelsheikh/.m2/repository/org/seleniumhq/selenium/selenium-api/3.141.59/selenium-api-3.141.59.jar:/Users/abazarelsheikh/.m2/repository/org/seleniumhq/selenium/selenium-chrome-driver/3.141.59/selenium-chrome-driver-3.141.59.jar:/Users/abazarelsheikh/.m2/repository/org/seleniumhq/selenium/selenium-edge-driver/3.141.59/selenium-edge-driver-3.141.59.jar:/Users/abazarelsheikh/.m2/repository/org/seleniumhq/selenium/selenium-firefox-driver/3.141.59/selenium-firefox-driver-3.141.59.jar:/Users/abazarelsheikh/.m2/repository/org/seleniumhq/selenium/selenium-ie-driver/3.141.59/selenium-ie-driver-3.141.59.jar:/Users/abazarelsheikh/.m2/repository/org/seleniumhq/selenium/selenium-opera-driver/3.141.59/selenium-opera-driver-3.141.59.jar:/Users/abazarelsheikh/.m2/repository/org/seleniumhq/selenium/selenium-remote-driver/3.141.59/selenium-remote-driver-3.141.59.jar:/Users/abazarelsheikh/.m2/repository/org/seleniumhq/selenium/selenium-safari-driver/3.141.59/selenium-safari-driver-3.141.59.jar:/Users/abazarelsheikh/.m2/repository/org/seleniumhq/selenium/selenium-support/3.141.59/selenium-support-3.141.59.jar:/Users/abazarelsheikh/.m2/repository/net/bytebuddy/byte-buddy/1.8.15/byte-buddy-1.8.15.jar:/Users/abazarelsheikh/.m2/repository/org/apache/commons/commons-exec/1.3/commons-exec-1.3.jar:/Users/abazarelsheikh/.m2/repository/com/google/guava/guava/25.0-jre/guava-25.0-jre.jar:/Users/abazarelsheikh/.m2/repository/com/google/code/findbugs/jsr305/1.3.9/jsr305-1.3.9.jar:/Users/abazarelsheikh/.m2/repository/org/checkerframework/checker-compat-qual/2.0.0/checker-compat-qual-2.0.0.jar:/Users/abazarelsheikh/.m2/repository/com/google/errorprone/error_prone_annotations/2.1.3/error_prone_annotations-2.1.3.jar:/Users/abazarelsheikh/.m2/repository/com/google/j2objc/j2objc-annotations/1.1/j2objc-annotations-1.1.jar:/Users/abazarelsheikh/.m2/repository/org/codehaus/mojo/animal-sniffer-annotations/1.14/animal-sniffer-annotations-1.14.jar:/Users/abazarelsheikh/.m2/repository/com/squareup/okhttp3/okhttp/3.11.0/okhttp-3.11.0.jar:/Users/abazarelsheikh/.m2/repository/com/squareup/okio/okio/1.14.0/okio-1.14.0.jar:/Users/abazarelsheikh/.m2/repository/io/cucumber/cucumber-java/5.6.0/cucumber-java-5.6.0.jar:/Users/abazarelsheikh/.m2/repository/io/cucumber/cucumber-core/5.6.0/cucumber-core-5.6.0.jar:/Users/abazarelsheikh/.m2/repository/io/cucumber/cucumber-gherkin/5.6.0/cucumber-gherkin-5.6.0.jar:/Users/abazarelsheikh/.m2/repository/io/cucumber/cucumber-gherkin-vintage/5.6.0/cucumber-gherkin-vintage-5.6.0.jar:/Users/abazarelsheikh/.m2/repository/io/cucumber/tag-expressions/2.0.4/tag-expressions-2.0.4.jar:/Users/abazarelsheikh/.m2/repository/io/cucumber/cucumber-expressions/8.3.1/cucumber-expressions-8.3.1.jar:/Users/abazarelsheikh/.m2/repository/io/cucumber/datatable/3.3.1/datatable-3.3.1.jar:/Users/abazarelsheikh/.m2/repository/io/cucumber/cucumber-plugin/5.6.0/cucumber-plugin-5.6.0.jar:/Users/abazarelsheikh/.m2/repository/io/cucumber/docstring/5.6.0/docstring-5.6.0.jar:/Users/abazarelsheikh/.m2/repository/org/apiguardian/apiguardian-api/1.1.0/apiguardian-api-1.1.0.jar:/Users/abazarelsheikh/.m2/repository/io/cucumber/cucumber-junit/5.6.0/cucumber-junit-5.6.0.jar:/Users/abazarelsheikh/.m2/repository/junit/junit/4.13/junit-4.13.jar:/Users/abazarelsheikh/.m2/repository/org/hamcrest/hamcrest-core/1.3/hamcrest-core-1.3.jar:/Users/abazarelsheikh/.m2/repository/io/github/bonigarcia/webdrivermanager/3.8.1/webdrivermanager-3.8.1.jar:/Users/abazarelsheikh/.m2/repository/org/slf4j/slf4j-api/1.7.25/slf4j-api-1.7.25.jar:/Users/abazarelsheikh/.m2/repository/commons-io/commons-io/2.6/commons-io-2.6.jar:/Users/abazarelsheikh/.m2/repository/com/google/code/gson/gson/2.8.5/gson-2.8.5.jar:/Users/abazarelsheikh/.m2/repository/org/apache/commons/commons-lang3/3.8.1/commons-lang3-3.8.1.jar:/Users/abazarelsheikh/.m2/repository/org/apache/httpcomponents/httpclient/4.5.6/httpclient-4.5.6.jar:/Users/abazarelsheikh/.m2/repository/org/apache/httpcomponents/httpcore/4.4.10/httpcore-4.4.10.jar:/Users/abazarelsheikh/.m2/repository/commons-logging/commons-logging/1.2/commons-logging-1.2.jar:/Users/abazarelsheikh/.m2/repository/commons-codec/commons-codec/1.10/commons-codec-1.10.jar:/Users/abazarelsheikh/.m2/repository/org/rauschig/jarchivelib/1.0.0/jarchivelib-1.0.0.jar:/Users/abazarelsheikh/.m2/repository/org/apache/commons/commons-compress/1.18/commons-compress-1.18.jar:/Users/abazarelsheikh/.m2/repository/org/jsoup/jsoup/1.11.3/jsoup-1.11.3.jar:"/>
    <property name="java.vm.vendor" value="Oracle Corporation"/>
    <property name="sun.arch.data.model" value="64"/>
    <property name="java.vendor.url" value="https://java.oracle.com/"/>
    <property name="user.timezone" value="America/New_York"/>
    <property name="os.name" value="Mac OS X"/>
    <property name="java.vm.specification.version" value="13"/>
    <property name="sun.java.launcher" value="SUN_STANDARD"/>
    <property name="user.country" value="US"/>
    <property name="sun.boot.library.path" value="/Library/Java/JavaVirtualMachines/jdk-13.0.2.jdk/Contents/Home/lib"/>
    <property name="sun.java.command" value="/Users/abazarelsheikh/Desktop/Zero-Online-Banking-Application/target/surefire/surefirebooter6562074049015580018.jar /Users/abazarelsheikh/Desktop/Zero-Online-Banking-Application/target/surefire 2020-05-15T00-36-47_749-jvmRun1 surefire3071505746056773860tmp surefire_017749428899548556363tmp"/>
    <property name="http.nonProxyHosts" value="local|*.local|169.254/16|*.169.254/16"/>
    <property name="jdk.debug" value="release"/>
    <property name="surefire.test.class.path" value="/Users/abazarelsheikh/Desktop/Zero-Online-Banking-Application/target/test-classes:/Users/abazarelsheikh/Desktop/Zero-Online-Banking-Application/target/classes:/Users/abazarelsheikh/.m2/repository/org/seleniumhq/selenium/selenium-java/3.141.59/selenium-java-3.141.59.jar:/Users/abazarelsheikh/.m2/repository/org/seleniumhq/selenium/selenium-api/3.141.59/selenium-api-3.141.59.jar:/Users/abazarelsheikh/.m2/repository/org/seleniumhq/selenium/selenium-chrome-driver/3.141.59/selenium-chrome-driver-3.141.59.jar:/Users/abazarelsheikh/.m2/repository/org/seleniumhq/selenium/selenium-edge-driver/3.141.59/selenium-edge-driver-3.141.59.jar:/Users/abazarelsheikh/.m2/repository/org/seleniumhq/selenium/selenium-firefox-driver/3.141.59/selenium-firefox-driver-3.141.59.jar:/Users/abazarelsheikh/.m2/repository/org/seleniumhq/selenium/selenium-ie-driver/3.141.59/selenium-ie-driver-3.141.59.jar:/Users/abazarelsheikh/.m2/repository/org/seleniumhq/selenium/selenium-opera-driver/3.141.59/selenium-opera-driver-3.141.59.jar:/Users/abazarelsheikh/.m2/repository/org/seleniumhq/selenium/selenium-remote-driver/3.141.59/selenium-remote-driver-3.141.59.jar:/Users/abazarelsheikh/.m2/repository/org/seleniumhq/selenium/selenium-safari-driver/3.141.59/selenium-safari-driver-3.141.59.jar:/Users/abazarelsheikh/.m2/repository/org/seleniumhq/selenium/selenium-support/3.141.59/selenium-support-3.141.59.jar:/Users/abazarelsheikh/.m2/repository/net/bytebuddy/byte-buddy/1.8.15/byte-buddy-1.8.15.jar:/Users/abazarelsheikh/.m2/repository/org/apache/commons/commons-exec/1.3/commons-exec-1.3.jar:/Users/abazarelsheikh/.m2/repository/com/google/guava/guava/25.0-jre/guava-25.0-jre.jar:/Users/abazarelsheikh/.m2/repository/com/google/code/findbugs/jsr305/1.3.9/jsr305-1.3.9.jar:/Users/abazarelsheikh/.m2/repository/org/checkerframework/checker-compat-qual/2.0.0/checker-compat-qual-2.0.0.jar:/Users/abazarelsheikh/.m2/repository/com/google/errorprone/error_prone_annotations/2.1.3/error_prone_annotations-2.1.3.jar:/Users/abazarelsheikh/.m2/repository/com/google/j2objc/j2objc-annotations/1.1/j2objc-annotations-1.1.jar:/Users/abazarelsheikh/.m2/repository/org/codehaus/mojo/animal-sniffer-annotations/1.14/animal-sniffer-annotations-1.14.jar:/Users/abazarelsheikh/.m2/repository/com/squareup/okhttp3/okhttp/3.11.0/okhttp-3.11.0.jar:/Users/abazarelsheikh/.m2/repository/com/squareup/okio/okio/1.14.0/okio-1.14.0.jar:/Users/abazarelsheikh/.m2/repository/io/cucumber/cucumber-java/5.6.0/cucumber-java-5.6.0.jar:/Users/abazarelsheikh/.m2/repository/io/cucumber/cucumber-core/5.6.0/cucumber-core-5.6.0.jar:/Users/abazarelsheikh/.m2/repository/io/cucumber/cucumber-gherkin/5.6.0/cucumber-gherkin-5.6.0.jar:/Users/abazarelsheikh/.m2/repository/io/cucumber/cucumber-gherkin-vintage/5.6.0/cucumber-gherkin-vintage-5.6.0.jar:/Users/abazarelsheikh/.m2/repository/io/cucumber/tag-expressions/2.0.4/tag-expressions-2.0.4.jar:/Users/abazarelsheikh/.m2/repository/io/cucumber/cucumber-expressions/8.3.1/cucumber-expressions-8.3.1.jar:/Users/abazarelsheikh/.m2/repository/io/cucumber/datatable/3.3.1/datatable-3.3.1.jar:/Users/abazarelsheikh/.m2/repository/io/cucumber/cucumber-plugin/5.6.0/cucumber-plugin-5.6.0.jar:/Users/abazarelsheikh/.m2/repository/io/cucumber/docstring/5.6.0/docstring-5.6.0.jar:/Users/abazarelsheikh/.m2/repository/org/apiguardian/apiguardian-api/1.1.0/apiguardian-api-1.1.0.jar:/Users/abazarelsheikh/.m2/repository/io/cucumber/cucumber-junit/5.6.0/cucumber-junit-5.6.0.jar:/Users/abazarelsheikh/.m2/repository/junit/junit/4.13/junit-4.13.jar:/Users/abazarelsheikh/.m2/repository/org/hamcrest/hamcrest-core/1.3/hamcrest-core-1.3.jar:/Users/abazarelsheikh/.m2/repository/io/github/bonigarcia/webdrivermanager/3.8.1/webdrivermanager-3.8.1.jar:/Users/abazarelsheikh/.m2/repository/org/slf4j/slf4j-api/1.7.25/slf4j-api-1.7.25.jar:/Users/abazarelsheikh/.m2/repository/commons-io/commons-io/2.6/commons-io-2.6.jar:/Users/abazarelsheikh/.m2/repository/com/google/code/gson/gson/2.8.5/gson-2.8.5.jar:/Users/abazarelsheikh/.m2/repository/org/apache/commons/commons-lang3/3.8.1/commons-lang3-3.8.1.jar:/Users/abazarelsheikh/.m2/repository/org/apache/httpcomponents/httpclient/4.5.6/httpclient-4.5.6.jar:/Users/abazarelsheikh/.m2/repository/org/apache/httpcomponents/httpcore/4.4.10/httpcore-4.4.10.jar:/Users/abazarelsheikh/.m2/repository/commons-logging/commons-logging/1.2/commons-logging-1.2.jar:/Users/abazarelsheikh/.m2/repository/commons-codec/commons-codec/1.10/commons-codec-1.10.jar:/Users/abazarelsheikh/.m2/repository/org/rauschig/jarchivelib/1.0.0/jarchivelib-1.0.0.jar:/Users/abazarelsheikh/.m2/repository/org/apache/commons/commons-compress/1.18/commons-compress-1.18.jar:/Users/abazarelsheikh/.m2/repository/org/jsoup/jsoup/1.11.3/jsoup-1.11.3.jar:"/>
    <property name="sun.cpu.endian" value="little"/>
    <property name="user.home" value="/Users/abazarelsheikh"/>
    <property name="user.language" value="en"/>
    <property name="java.specification.vendor" value="Oracle Corporation"/>
    <property name="java.version.date" value="2020-01-14"/>
    <property name="java.home" value="/Library/Java/JavaVirtualMachines/jdk-13.0.2.jdk/Contents/Home"/>
    <property name="file.separator" value="/"/>
    <property name="basedir" value="/Users/abazarelsheikh/Desktop/Zero-Online-Banking-Application"/>
    <property name="java.vm.compressedOopsMode" value="Zero based"/>
    <property name="line.separator" value="&#10;"/>
    <property name="java.specification.name" value="Java Platform API Specification"/>
    <property name="java.vm.specification.vendor" value="Oracle Corporation"/>
    <property name="surefire.real.class.path" value="/Users/abazarelsheikh/Desktop/Zero-Online-Banking-Application/target/surefire/surefirebooter6562074049015580018.jar"/>
    <property name="sun.management.compiler" value="HotSpot 64-Bit Tiered Compilers"/>
    <property name="ftp.nonProxyHosts" value="local|*.local|169.254/16|*.169.254/16"/>
    <property name="java.runtime.version" value="13.0.2+8"/>
    <property name="user.name" value="abazarelsheikh"/>
    <property name="path.separator" value=":"/>
    <property name="os.version" value="10.15.4"/>
    <property name="java.runtime.name" value="Java(TM) SE Runtime Environment"/>
    <property name="file.encoding" value="UTF-8"/>
    <property name="java.vm.name" value="Java HotSpot(TM) 64-Bit Server VM"/>
    <property name="localRepository" value="/Users/abazarelsheikh/.m2/repository"/>
    <property name="java.vendor.url.bug" value="https://bugreport.java.com/bugreport/"/>
    <property name="java.io.tmpdir" value="/var/folders/4_/h1fdk0d11sb_j7c6n82jszm80000gn/T/"/>
    <property name="java.version" value="13.0.2"/>
    <property name="user.dir" value="/Users/abazarelsheikh/Desktop/Zero-Online-Banking-Application"/>
    <property name="os.arch" value="x86_64"/>
    <property name="java.vm.specification.name" value="Java Virtual Machine Specification"/>
    <property name="java.library.path" value="/Users/abazarelsheikh/Library/Java/Extensions:/Library/Java/Extensions:/Network/Library/Java/Extensions:/System/Library/Java/Extensions:/usr/lib/java:."/>
    <property name="java.vm.info" value="mixed mode, sharing"/>
    <property name="java.vendor" value="Oracle Corporation"/>
    <property name="java.vm.version" value="13.0.2+8"/>
    <property name="sun.io.unicode.encoding" value="UnicodeBig"/>
    <property name="socksNonProxyHosts" value="local|*.local|169.254/16|*.169.254/16"/>
    <property name="java.class.version" value="57.0"/>
  </properties>
  <testcase name="Search date range" classname="Find Transactions in Account Activity" time="64.665"/>
  <testcase name="Search description" classname="Find Transactions in Account Activity" time="16.892">
    <error message="no such element: Unable to locate element: {&quot;method&quot;:&quot;xpath&quot;,&quot;selector&quot;:&quot;//div[@id=&apos;filtered_transactions_for_account&apos;]//tr//td[3]&quot;}&#10;  (Session info: chrome=81.0.4044.138)&#10;For documentation on this error, please visit: https://www.seleniumhq.org/exceptions/no_such_element.html&#10;Build info: version: &apos;3.141.59&apos;, revision: &apos;e82be7d358&apos;, time: &apos;2018-11-14T08:17:03&apos;&#10;System info: host: &apos;aGooz-MacBook-Pro.local&apos;, ip: &apos;2600:8806:2200:c600:39cd:5493:7ab3:8560%en0&apos;, os.name: &apos;Mac OS X&apos;, os.arch: &apos;x86_64&apos;, os.version: &apos;10.15.4&apos;, java.version: &apos;13.0.2&apos;&#10;Driver info: org.openqa.selenium.chrome.ChromeDriver&#10;Capabilities {acceptInsecureCerts: false, browserName: chrome, browserVersion: 81.0.4044.138, chrome: {chromedriverVersion: 81.0.4044.138 (8c6c7ba89cc9..., userDataDir: /var/folders/4_/h1fdk0d11sb...}, goog:chromeOptions: {debuggerAddress: localhost:54809}, javascriptEnabled: true, networkConnectionEnabled: false, pageLoadStrategy: normal, platform: MAC, platformName: MAC, proxy: Proxy(), setWindowRect: true, strictFileInteractability: false, timeouts: {implicit: 0, pageLoad: 300000, script: 30000}, unhandledPromptBehavior: dismiss and notify, webauthn:virtualAuthenticators: true}&#10;Session ID: 0e24244124878a852f4cccbfc64cb72a&#10;*** Element info: {Using=xpath, value=//div[@id=&apos;filtered_transactions_for_account&apos;]//tr//td[3]}" type="org.openqa.selenium.NoSuchElementException"><![CDATA[org.openqa.selenium.NoSuchElementException: 
no such element: Unable to locate element: {"method":"xpath","selector":"//div[@id='filtered_transactions_for_account']//tr//td[3]"}
  (Session info: chrome=81.0.4044.138)
For documentation on this error, please visit: https://www.seleniumhq.org/exceptions/no_such_element.html
Build info: version: '3.141.59', revision: 'e82be7d358', time: '2018-11-14T08:17:03'
System info: host: 'aGooz-MacBook-Pro.local', ip: '2600:8806:2200:c600:39cd:5493:7ab3:8560%en0', os.name: 'Mac OS X', os.arch: 'x86_64', os.version: '10.15.4', java.version: '13.0.2'
Driver info: org.openqa.selenium.chrome.ChromeDriver
Capabilities {acceptInsecureCerts: false, browserName: chrome, browserVersion: 81.0.4044.138, chrome: {chromedriverVersion: 81.0.4044.138 (8c6c7ba89cc9..., userDataDir: /var/folders/4_/h1fdk0d11sb...}, goog:chromeOptions: {debuggerAddress: localhost:54809}, javascriptEnabled: true, networkConnectionEnabled: false, pageLoadStrategy: normal, platform: MAC, platformName: MAC, proxy: Proxy(), setWindowRect: true, strictFileInteractability: false, timeouts: {implicit: 0, pageLoad: 300000, script: 30000}, unhandledPromptBehavior: dismiss and notify, webauthn:virtualAuthenticators: true}
Session ID: 0e24244124878a852f4cccbfc64cb72a
*** Element info: {Using=xpath, value=//div[@id='filtered_transactions_for_account']//tr//td[3]}
]]></error>
    <system-out><![CDATA[
@transaction @regression @search_description
Scenario: Search description                                           &amp#27;[90m# src/test/resources/features/FindTransactions.feature:21&amp#27;[0m
set up browser
Zero - Account Activity
  &amp#27;[32mGiven &amp#27;[0m&amp#27;[32mthe user accesses the Find Transactions tab&amp#27;[0m                    &amp#27;[90m# com.zerobank.step_definitions.Practice.AccountActivitySteps.the_user_accesses_the_Find_Transactions_tab()&amp#27;[0m
  &amp#27;[32mWhen &amp#27;[0m&amp#27;[32mthe user enters description &amp#27;[0m&amp#27;[32m&amp#27;[1m"ONLINE"&amp#27;[0m                            &amp#27;[90m# com.zerobank.step_definitions.Practice.AccountActivitySteps.the_user_enters_description_ONLINE(java.lang.String)&amp#27;[0m
  &amp#27;[32mAnd &amp#27;[0m&amp#27;[32mclicks search&amp#27;[0m                                                    &amp#27;[90m# com.zerobank.step_definitions.Practice.AccountActivitySteps.clicks_search()&amp#27;[0m
ONLINE: 984.3
ONLINE: 
  &amp#27;[32mThen &amp#27;[0m&amp#27;[32mresults table should only show descriptions containing &amp#27;[0m&amp#27;[32m&amp#27;[1m"ONLINE"&amp#27;[0m &amp#27;[90m# com.zerobank.step_definitions.Practice.AccountActivitySteps.results_table_should_only_show_descriptions_containing_OFFICE(java.lang.String)&amp#27;[0m
  &amp#27;[32mWhen &amp#27;[0m&amp#27;[32mthe user enters description &amp#27;[0m&amp#27;[32m&amp#27;[1m"OFFiCE"&amp#27;[0m                            &amp#27;[90m# com.zerobank.step_definitions.Practice.AccountActivitySteps.the_user_enters_description_ONLINE(java.lang.String)&amp#27;[0m
  &amp#27;[32mAnd &amp#27;[0m&amp#27;[32mclicks search&amp#27;[0m                                                    &amp#27;[90m# com.zerobank.step_definitions.Practice.AccountActivitySteps.clicks_search()&amp#27;[0m
  &amp#27;[31mThen &amp#27;[0m&amp#27;[31mresults table should only show descriptions containing &amp#27;[0m&amp#27;[31m&amp#27;[1m"OFFICE"&amp#27;[0m &amp#27;[90m# com.zerobank.step_definitions.Practice.AccountActivitySteps.results_table_should_only_show_descriptions_containing_OFFICE(java.lang.String)&amp#27;[0m
      &amp#27;[31morg.openqa.selenium.NoSuchElementException: no such element: Unable to locate element: {"method":"xpath","selector":"//div[@id='filtered_transactions_for_account']//tr//td[3]"}
  (Session info: chrome=81.0.4044.138)
For documentation on this error, please visit: https://www.seleniumhq.org/exceptions/no_such_element.html
Build info: version: '3.141.59', revision: 'e82be7d358', time: '2018-11-14T08:17:03'
System info: host: 'aGooz-MacBook-Pro.local', ip: '2600:8806:2200:c600:39cd:5493:7ab3:8560%en0', os.name: 'Mac OS X', os.arch: 'x86_64', os.version: '10.15.4', java.version: '13.0.2'
Driver info: org.openqa.selenium.chrome.ChromeDriver
Capabilities {acceptInsecureCerts: false, browserName: chrome, browserVersion: 81.0.4044.138, chrome: {chromedriverVersion: 81.0.4044.138 (8c6c7ba89cc9..., userDataDir: /var/folders/4_/h1fdk0d11sb...}, goog:chromeOptions: {debuggerAddress: localhost:54809}, javascriptEnabled: true, networkConnectionEnabled: false, pageLoadStrategy: normal, platform: MAC, platformName: MAC, proxy: Proxy(), setWindowRect: true, strictFileInteractability: false, timeouts: {implicit: 0, pageLoad: 300000, script: 30000}, unhandledPromptBehavior: dismiss and notify, webauthn:virtualAuthenticators: true}
Session ID: 0e24244124878a852f4cccbfc64cb72a
*** Element info: {Using=xpath, value=//div[@id='filtered_transactions_for_account']//tr//td[3]}
	at java.base/jdk.internal.reflect.NativeConstructorAccessorImpl.newInstance0(Native Method)
	at java.base/jdk.internal.reflect.NativeConstructorAccessorImpl.newInstance(NativeConstructorAccessorImpl.java:62)
	at java.base/jdk.internal.reflect.DelegatingConstructorAccessorImpl.newInstance(DelegatingConstructorAccessorImpl.java:45)
	at java.base/java.lang.reflect.Constructor.newInstanceWithCaller(Constructor.java:500)
	at java.base/java.lang.reflect.Constructor.newInstance(Constructor.java:481)
	at org.openqa.selenium.remote.http.W3CHttpResponseCodec.createException(W3CHttpResponseCodec.java:187)
	at org.openqa.selenium.remote.http.W3CHttpResponseCodec.decode(W3CHttpResponseCodec.java:122)
	at org.openqa.selenium.remote.http.W3CHttpResponseCodec.decode(W3CHttpResponseCodec.java:49)
	at org.openqa.selenium.remote.HttpCommandExecutor.execute(HttpCommandExecutor.java:158)
	at org.openqa.selenium.remote.service.DriverCommandExecutor.execute(DriverCommandExecutor.java:83)
	at org.openqa.selenium.remote.RemoteWebDriver.execute(RemoteWebDriver.java:552)
	at org.openqa.selenium.remote.RemoteWebDriver.findElement(RemoteWebDriver.java:323)
	at org.openqa.selenium.remote.RemoteWebDriver.findElementByXPath(RemoteWebDriver.java:428)
	at org.openqa.selenium.By$ByXPath.findElement(By.java:353)
	at org.openqa.selenium.remote.RemoteWebDriver.findElement(RemoteWebDriver.java:315)
	at com.zerobank.pages.AccountActivityPage.filterBColumn(AccountActivityPage.java:40)
	at com.zerobank.step_definitions.Practice.AccountActivitySteps.results_table_should_only_show_descriptions_containing_OFFICE(AccountActivitySteps.java:95)
	at ✽.results table should only show descriptions containing "OFFICE"(file:///Users/abazarelsheikh/Desktop/Zero-Online-Banking-Application/src/test/resources/features/FindTransactions.feature:27)
&amp#27;[0m
  &amp#27;[36mBut &amp#27;[0m&amp#27;[36mresults table should not show descriptions containing &amp#27;[0m&amp#27;[36m&amp#27;[1m"OFFICE"&amp#27;[0m   &amp#27;[90m# com.zerobank.step_definitions.Practice.AccountActivitySteps.results_table_should_not_show_descriptions_containing_OFFICE(java.lang.String)&amp#27;[0m
scenario Tags: [@transaction, @regression, @search_description]
scenario Name: Search description

    Complete scenario: Search description


    Embedding Search description [image/png 136398 bytes]

close driver
]]></system-out>
    <system-err><![CDATA[Starting ChromeDriver 81.0.4044.138 (8c6c7ba89cc9453625af54f11fd83179e23450fa-refs/branch-heads/4044@{#999}) on port 48064
Only local connections are allowed.
Please protect ports used by ChromeDriver and related test frameworks to prevent access by malicious code.
May 15, 2020 12:37:56 AM org.openqa.selenium.remote.ProtocolHandshake createSession
INFO: Detected dialect: W3C
]]></system-err>
  </testcase>
  <testcase name="Search description case insensitive" classname="Find Transactions in Account Activity" time="17.723">
    <error message="no such element: Unable to locate element: {&quot;method&quot;:&quot;xpath&quot;,&quot;selector&quot;:&quot;//div[@id=&apos;filtered_transactions_for_account&apos;]//tr//td[3]&quot;}&#10;  (Session info: chrome=81.0.4044.138)&#10;For documentation on this error, please visit: https://www.seleniumhq.org/exceptions/no_such_element.html&#10;Build info: version: &apos;3.141.59&apos;, revision: &apos;e82be7d358&apos;, time: &apos;2018-11-14T08:17:03&apos;&#10;System info: host: &apos;aGooz-MacBook-Pro.local&apos;, ip: &apos;2600:8806:2200:c600:39cd:5493:7ab3:8560%en0&apos;, os.name: &apos;Mac OS X&apos;, os.arch: &apos;x86_64&apos;, os.version: &apos;10.15.4&apos;, java.version: &apos;13.0.2&apos;&#10;Driver info: org.openqa.selenium.chrome.ChromeDriver&#10;Capabilities {acceptInsecureCerts: false, browserName: chrome, browserVersion: 81.0.4044.138, chrome: {chromedriverVersion: 81.0.4044.138 (8c6c7ba89cc9..., userDataDir: /var/folders/4_/h1fdk0d11sb...}, goog:chromeOptions: {debuggerAddress: localhost:54957}, javascriptEnabled: true, networkConnectionEnabled: false, pageLoadStrategy: normal, platform: MAC, platformName: MAC, proxy: Proxy(), setWindowRect: true, strictFileInteractability: false, timeouts: {implicit: 0, pageLoad: 300000, script: 30000}, unhandledPromptBehavior: dismiss and notify, webauthn:virtualAuthenticators: true}&#10;Session ID: c68de874fb295133b576ca42f69e50e1&#10;*** Element info: {Using=xpath, value=//div[@id=&apos;filtered_transactions_for_account&apos;]//tr//td[3]}" type="org.openqa.selenium.NoSuchElementException"><![CDATA[org.openqa.selenium.NoSuchElementException: 
no such element: Unable to locate element: {"method":"xpath","selector":"//div[@id='filtered_transactions_for_account']//tr//td[3]"}
  (Session info: chrome=81.0.4044.138)
For documentation on this error, please visit: https://www.seleniumhq.org/exceptions/no_such_element.html
Build info: version: '3.141.59', revision: 'e82be7d358', time: '2018-11-14T08:17:03'
System info: host: 'aGooz-MacBook-Pro.local', ip: '2600:8806:2200:c600:39cd:5493:7ab3:8560%en0', os.name: 'Mac OS X', os.arch: 'x86_64', os.version: '10.15.4', java.version: '13.0.2'
Driver info: org.openqa.selenium.chrome.ChromeDriver
Capabilities {acceptInsecureCerts: false, browserName: chrome, browserVersion: 81.0.4044.138, chrome: {chromedriverVersion: 81.0.4044.138 (8c6c7ba89cc9..., userDataDir: /var/folders/4_/h1fdk0d11sb...}, goog:chromeOptions: {debuggerAddress: localhost:54957}, javascriptEnabled: true, networkConnectionEnabled: false, pageLoadStrategy: normal, platform: MAC, platformName: MAC, proxy: Proxy(), setWindowRect: true, strictFileInteractability: false, timeouts: {implicit: 0, pageLoad: 300000, script: 30000}, unhandledPromptBehavior: dismiss and notify, webauthn:virtualAuthenticators: true}
Session ID: c68de874fb295133b576ca42f69e50e1
*** Element info: {Using=xpath, value=//div[@id='filtered_transactions_for_account']//tr//td[3]}
]]></error>
    <system-out><![CDATA[
@transaction @regression @search_case_insensitive
Scenario: Search description case insensitive                          &amp#27;[90m# src/test/resources/features/FindTransactions.feature:31&amp#27;[0m
set up browser
Zero - Account Activity
  &amp#27;[32mGiven &amp#27;[0m&amp#27;[32mthe user accesses the Find Transactions tab&amp#27;[0m                    &amp#27;[90m# com.zerobank.step_definitions.Practice.AccountActivitySteps.the_user_accesses_the_Find_Transactions_tab()&amp#27;[0m
  &amp#27;[32mWhen &amp#27;[0m&amp#27;[32mthe user enters description &amp#27;[0m&amp#27;[32m&amp#27;[1m"ONLINE"&amp#27;[0m                            &amp#27;[90m# com.zerobank.step_definitions.Practice.AccountActivitySteps.the_user_enters_description_ONLINE(java.lang.String)&amp#27;[0m
  &amp#27;[32mAnd &amp#27;[0m&amp#27;[32mclicks search&amp#27;[0m                                                    &amp#27;[90m# com.zerobank.step_definitions.Practice.AccountActivitySteps.clicks_search()&amp#27;[0m
ONLINE: 984.3
ONLINE: 
  &amp#27;[32mThen &amp#27;[0m&amp#27;[32mresults table should only show descriptions containing &amp#27;[0m&amp#27;[32m&amp#27;[1m"ONLINE"&amp#27;[0m &amp#27;[90m# com.zerobank.step_definitions.Practice.AccountActivitySteps.results_table_should_only_show_descriptions_containing_OFFICE(java.lang.String)&amp#27;[0m
  &amp#27;[32mWhen &amp#27;[0m&amp#27;[32mthe user enters description &amp#27;[0m&amp#27;[32m&amp#27;[1m"online"&amp#27;[0m                            &amp#27;[90m# com.zerobank.step_definitions.Practice.AccountActivitySteps.the_user_enters_description_ONLINE(java.lang.String)&amp#27;[0m
  &amp#27;[32mAnd &amp#27;[0m&amp#27;[32mclicks search&amp#27;[0m                                                    &amp#27;[90m# com.zerobank.step_definitions.Practice.AccountActivitySteps.clicks_search()&amp#27;[0m
  &amp#27;[31mThen &amp#27;[0m&amp#27;[31mresults table should only show descriptions containing &amp#27;[0m&amp#27;[31m&amp#27;[1m"ONLINE"&amp#27;[0m &amp#27;[90m# com.zerobank.step_definitions.Practice.AccountActivitySteps.results_table_should_only_show_descriptions_containing_OFFICE(java.lang.String)&amp#27;[0m
      &amp#27;[31morg.openqa.selenium.NoSuchElementException: no such element: Unable to locate element: {"method":"xpath","selector":"//div[@id='filtered_transactions_for_account']//tr//td[3]"}
  (Session info: chrome=81.0.4044.138)
For documentation on this error, please visit: https://www.seleniumhq.org/exceptions/no_such_element.html
Build info: version: '3.141.59', revision: 'e82be7d358', time: '2018-11-14T08:17:03'
System info: host: 'aGooz-MacBook-Pro.local', ip: '2600:8806:2200:c600:39cd:5493:7ab3:8560%en0', os.name: 'Mac OS X', os.arch: 'x86_64', os.version: '10.15.4', java.version: '13.0.2'
Driver info: org.openqa.selenium.chrome.ChromeDriver
Capabilities {acceptInsecureCerts: false, browserName: chrome, browserVersion: 81.0.4044.138, chrome: {chromedriverVersion: 81.0.4044.138 (8c6c7ba89cc9..., userDataDir: /var/folders/4_/h1fdk0d11sb...}, goog:chromeOptions: {debuggerAddress: localhost:54957}, javascriptEnabled: true, networkConnectionEnabled: false, pageLoadStrategy: normal, platform: MAC, platformName: MAC, proxy: Proxy(), setWindowRect: true, strictFileInteractability: false, timeouts: {implicit: 0, pageLoad: 300000, script: 30000}, unhandledPromptBehavior: dismiss and notify, webauthn:virtualAuthenticators: true}
Session ID: c68de874fb295133b576ca42f69e50e1
*** Element info: {Using=xpath, value=//div[@id='filtered_transactions_for_account']//tr//td[3]}
	at java.base/jdk.internal.reflect.NativeConstructorAccessorImpl.newInstance0(Native Method)
	at java.base/jdk.internal.reflect.NativeConstructorAccessorImpl.newInstance(NativeConstructorAccessorImpl.java:62)
	at java.base/jdk.internal.reflect.DelegatingConstructorAccessorImpl.newInstance(DelegatingConstructorAccessorImpl.java:45)
	at java.base/java.lang.reflect.Constructor.newInstanceWithCaller(Constructor.java:500)
	at java.base/java.lang.reflect.Constructor.newInstance(Constructor.java:481)
	at org.openqa.selenium.remote.http.W3CHttpResponseCodec.createException(W3CHttpResponseCodec.java:187)
	at org.openqa.selenium.remote.http.W3CHttpResponseCodec.decode(W3CHttpResponseCodec.java:122)
	at org.openqa.selenium.remote.http.W3CHttpResponseCodec.decode(W3CHttpResponseCodec.java:49)
	at org.openqa.selenium.remote.HttpCommandExecutor.execute(HttpCommandExecutor.java:158)
	at org.openqa.selenium.remote.service.DriverCommandExecutor.execute(DriverCommandExecutor.java:83)
	at org.openqa.selenium.remote.RemoteWebDriver.execute(RemoteWebDriver.java:552)
	at org.openqa.selenium.remote.RemoteWebDriver.findElement(RemoteWebDriver.java:323)
	at org.openqa.selenium.remote.RemoteWebDriver.findElementByXPath(RemoteWebDriver.java:428)
	at org.openqa.selenium.By$ByXPath.findElement(By.java:353)
	at org.openqa.selenium.remote.RemoteWebDriver.findElement(RemoteWebDriver.java:315)
	at com.zerobank.pages.AccountActivityPage.filterBColumn(AccountActivityPage.java:40)
	at com.zerobank.step_definitions.Practice.AccountActivitySteps.results_table_should_only_show_descriptions_containing_OFFICE(AccountActivitySteps.java:95)
	at ✽.results table should only show descriptions containing "ONLINE"(file:///Users/abazarelsheikh/Desktop/Zero-Online-Banking-Application/src/test/resources/features/FindTransactions.feature:37)
&amp#27;[0m
scenario Tags: [@transaction, @regression, @search_case_insensitive]
scenario Name: Search description case insensitive

    Complete scenario: Search description case insensitive


    Embedding Search description case insensitive [image/png 135937 bytes]

close driver
]]></system-out>
    <system-err><![CDATA[Starting ChromeDriver 81.0.4044.138 (8c6c7ba89cc9453625af54f11fd83179e23450fa-refs/branch-heads/4044@{#999}) on port 46068
Only local connections are allowed.
Please protect ports used by ChromeDriver and related test frameworks to prevent access by malicious code.
May 15, 2020 12:38:12 AM org.openqa.selenium.remote.ProtocolHandshake createSession
INFO: Detected dialect: W3C
[1589517492.882][SEVERE]: Timed out receiving message from renderer: 0.100
[1589517492.984][SEVERE]: Timed out receiving message from renderer: 0.100
[1589517493.085][SEVERE]: Timed out receiving message from renderer: 0.100
[1589517493.188][SEVERE]: Timed out receiving message from renderer: 0.100
[1589517493.289][SEVERE]: Timed out receiving message from renderer: 0.100
[1589517493.390][SEVERE]: Timed out receiving message from renderer: 0.100
[1589517498.189][SEVERE]: Timed out receiving message from renderer: 0.100
]]></system-err>
  </testcase>
  <testcase name="Type" classname="Find Transactions in Account Activity" time="25.233"/>
</testsuite>